[2026-06-23 22:51:13] ERROR: Failed calling https://worker-production-7b39.up.railway.app/api/scan_coin with params {'ticker': 'CARDS-USD', 'timeframe': '1d'}. Exception: HTTPSConnectionPool(host='worker-production-7b39.up.railway.app', port=443): Max retries exceeded with url: /api/scan_coin?ticker=CARDS-USD&timeframe=1d (Caused by NameResolutionError("HTTPSConnection(host='worker-production-7b39.up.railway.app', port=443): Failed to resolve 'worker-production-7b39.up.railway.app' ([Errno 11001] getaddrinfo failed)"))
--------------------------------------------------
[2026-06-23 22:56:01] ERROR: Failed calling https://worker-production-7b39.up.railway.app/api/scan_coin with params {'ticker': 'SOL-USD', 'timeframe': '1d'}. Exception: HTTPSConnectionPool(host='worker-production-7b39.up.railway.app', port=443): Max retries exceeded with url: /api/scan_coin?ticker=SOL-USD&timeframe=1d (Caused by NameResolutionError("HTTPSConnection(host='worker-production-7b39.up.railway.app', port=443): Failed to resolve 'worker-production-7b39.up.railway.app' ([Errno 11001] getaddrinfo failed)"))
--------------------------------------------------
[2026-06-23 23:00:31] ERROR: Failed calling https://worker-production-7b39.up.railway.app/api/scan_coin with params {'ticker': 'RAIN-USD', 'timeframe': '1d'}. Exception: HTTPSConnectionPool(host='worker-production-7b39.up.railway.app', port=443): Max retries exceeded with url: /api/scan_coin?ticker=RAIN-USD&timeframe=1d (Caused by NameResolutionError("HTTPSConnection(host='worker-production-7b39.up.railway.app', port=443): Failed to resolve 'worker-production-7b39.up.railway.app' ([Errno 11001] getaddrinfo failed)"))
--------------------------------------------------
[2026-06-24 09:46:23] ERROR: Failed calling https://worker-production-7b39.up.railway.app/api/btc_market_status. Exception: HTTPSConnectionPool(host='worker-production-7b39.up.railway.app', port=443): Max retries exceeded with url: /api/btc_market_status (Caused by NameResolutionError("HTTPSConnection(host='worker-production-7b39.up.railway.app', port=443): Failed to resolve 'worker-production-7b39.up.railway.app' ([Errno 11001] getaddrinfo failed)"))
--------------------------------------------------
[2026-06-24 09:46:47] ERROR: Failed calling https://worker-production-7b39.up.railway.app/api/explosion_opportunities. Exception: HTTPSConnectionPool(host='worker-production-7b39.up.railway.app', port=443): Max retries exceeded with url: /api/explosion_opportunities (Caused by NameResolutionError("HTTPSConnection(host='worker-production-7b39.up.railway.app', port=443): Failed to resolve 'worker-production-7b39.up.railway.app' ([Errno 11001] getaddrinfo failed)"))
--------------------------------------------------
[2026-06-24 10:05:38] ERROR: Failed calling https://worker-production-7b39.up.railway.app/api/scan_coin with params {'ticker': 'SLX-USD', 'timeframe': '1d'}. Exception: HTTPSConnectionPool(host='worker-production-7b39.up.railway.app', port=443): Max retries exceeded with url: /api/scan_coin?ticker=SLX-USD&timeframe=1d (Caused by NameResolutionError("HTTPSConnection(host='worker-production-7b39.up.railway.app', port=443): Failed to resolve 'worker-production-7b39.up.railway.app' ([Errno 11001] getaddrinfo failed)"))
--------------------------------------------------
[2026-06-24 10:05:49] ERROR: Failed calling https://worker-production-7b39.up.railway.app/api/scan_coin with params {'ticker': 'HEI-USD', 'timeframe': '1d'}. Exception: HTTPSConnectionPool(host='worker-production-7b39.up.railway.app', port=443): Max retries exceeded with url: /api/scan_coin?ticker=HEI-USD&timeframe=1d (Caused by NameResolutionError("HTTPSConnection(host='worker-production-7b39.up.railway.app', port=443): Failed to resolve 'worker-production-7b39.up.railway.app' ([Errno 11001] getaddrinfo failed)"))
--------------------------------------------------
[2026-06-24 10:05:49] ERROR: Failed calling https://worker-production-7b39.up.railway.app/api/scan_coin with params {'ticker': 'UB-USD', 'timeframe': '1d'}. Exception: HTTPSConnectionPool(host='worker-production-7b39.up.railway.app', port=443): Max retries exceeded with url: /api/scan_coin?ticker=UB-USD&timeframe=1d (Caused by NameResolutionError("HTTPSConnection(host='worker-production-7b39.up.railway.app', port=443): Failed to resolve 'worker-production-7b39.up.railway.app' ([Errno 11001] getaddrinfo failed)"))
--------------------------------------------------
[2026-06-24 10:06:00] ERROR: Failed calling https://worker-production-7b39.up.railway.app/api/scan_coin with params {'ticker': 'BEAT-USD', 'timeframe': '1d'}. Exception: HTTPSConnectionPool(host='worker-production-7b39.up.railway.app', port=443): Max retries exceeded with url: /api/scan_coin?ticker=BEAT-USD&timeframe=1d (Caused by NameResolutionError("HTTPSConnection(host='worker-production-7b39.up.railway.app', port=443): Failed to resolve 'worker-production-7b39.up.railway.app' ([Errno 11001] getaddrinfo failed)"))
--------------------------------------------------
[2026-06-24 10:06:00] ERROR: Failed calling https://worker-production-7b39.up.railway.app/api/scan_coin with params {'ticker': 'BLESS-USD', 'timeframe': '1d'}. Exception: HTTPSConnectionPool(host='worker-production-7b39.up.railway.app', port=443): Max retries exceeded with url: /api/scan_coin?ticker=BLESS-USD&timeframe=1d (Caused by NameResolutionError("HTTPSConnection(host='worker-production-7b39.up.railway.app', port=443): Failed to resolve 'worker-production-7b39.up.railway.app' ([Errno 11001] getaddrinfo failed)"))
--------------------------------------------------
[2026-06-24 10:06:11] ERROR: Failed calling https://worker-production-7b39.up.railway.app/api/scan_coin with params {'ticker': 'ARX-USD', 'timeframe': '1d'}. Exception: HTTPSConnectionPool(host='worker-production-7b39.up.railway.app', port=443): Max retries exceeded with url: /api/scan_coin?ticker=ARX-USD&timeframe=1d (Caused by NameResolutionError("HTTPSConnection(host='worker-production-7b39.up.railway.app', port=443): Failed to resolve 'worker-production-7b39.up.railway.app' ([Errno 11001] getaddrinfo failed)"))
--------------------------------------------------
[2026-06-24 10:20:12] ERROR: Failed calling https://worker-production-7b39.up.railway.app/api/btc_market_status. Exception: HTTPSConnectionPool(host='worker-production-7b39.up.railway.app', port=443): Max retries exceeded with url: /api/btc_market_status (Caused by NameResolutionError("HTTPSConnection(host='worker-production-7b39.up.railway.app', port=443): Failed to resolve 'worker-production-7b39.up.railway.app' ([Errno 11001] getaddrinfo failed)"))
--------------------------------------------------
